p/1181-receipt.jpg 1 0 0 413 550
p/1156-receipt.jpg 1 0 0 309 550
p/1095-receipt.jpg 1 0 0 1000 750
p/1093-receipt.jpg 1 0 0 750 1000
p/1039-receipt.jpg 1 0 0 750 1000
p/1063-receipt.jpg 1 0 0 250 250
p/1017-receipt.jpg 1 0 0 750 1000
p/1115-receipt.jpg 1 0 0 750 1000
p/1127-receipt.jpg 1 0 0 750 1000
p/1080-receipt.jpg 1 0 0 750 1000
p/1078-receipt.jpg 1 0 0 750 1000
p/1041-receipt.jpg 1 0 0 250 250
p/1134-receipt.jpg 1 0 0 750 1000
p/1098-receipt.jpg 1 0 0 750 1000
p/1100-receipt.jpg 1 0 0 750 1000
p/1013-receipt.jpg 1 0 0 750 1000
p/1113-receipt.jpg 1 0 0 750 1000
p/1128-receipt.jpg 1 0 0 750 1000
p/1020-receipt.jpg 1 0 0 750 1000
p/1037-receipt.jpg 1 0 0 750 1000
p/1010-receipt.jpg 1 0 0 750 1000
p/1045-receipt.jpg 1 0 0 300 400
p/1008-receipt.jpg 1 0 0 750 1000
p/1075-receipt.jpg 1 0 0 747 1000
p/1087-receipt.jpg 1 0 0 258 258
p/1007-receipt.jpg 1 0 0 750 1000
p/1038-receipt.jpg 1 0 0 750 1000
p/1049-receipt.jpg 1 0 0 750 1000
p/1051-receipt.jpg 1 0 0 750 1000
p/1094-receipt.jpg 1 0 0 750 1000
p/1130-receipt.jpg 1 0 0 750 1000
p/1042-receipt.jpg 1 0 0 750 1000
p/1050-receipt.jpg 1 0 0 750 1000
p/1074-receipt.jpg 1 0 0 750 1000
p/1052-receipt.jpg 1 0 0 348 348
p/1118-receipt.jpg 1 0 0 300 400
p/1069-receipt.jpg 1 0 0 750 1000
p/1015-receipt.jpg 1 0 0 750 1000
p/1135-receipt.jpg 1 0 0 750 1000
p/1126-receipt.jpg 1 0 0 750 1000
p/1137-receipt.jpg 1 0 0 750 1000
p/1030-receipt.jpg 1 0 0 300 400
p/1084-receipt.jpg 1 0 0 750 1000
p/1106-receipt.jpg 1 0 0 750 1000
p/1114-receipt.jpg 1 0 0 250 250
p/1026-receipt.jpg 1 0 0 750 1000
p/1028-receipt.jpg 1 0 0 299 400
p/1003-receipt.jpg 1 0 0 750 1000
p/1061-receipt.jpg 1 0 0 562 1000
p/1034-receipt.jpg 1 0 0 250 250
p/1023-receipt.jpg 1 0 0 750 1000
p/1105-receipt.jpg 1 0 0 742 1000
p/1070-receipt.jpg 1 0 0 627 1000
p/1085-receipt.jpg 1 0 0 631 1000
p/1021-receipt.jpg 1 0 0 1000 750
p/1047-receipt.jpg 1 0 0 750 1000
p/1092-receipt.jpg 1 0 0 750 1000
p/1073-receipt.jpg 1 0 0 300 400
p/1097-receipt.jpg 1 0 0 562 1000
p/1001-receipt.jpg 1 0 0 645 1000
p/1104-receipt.jpg 1 0 0 750 1000
p/1000-receipt.jpg 1 0 0 750 1000
p/1132-receipt.jpg 1 0 0 348 348
p/1062-receipt.jpg 1 0 0 300 400
p/1043-receipt.jpg 1 0 0 750 1000
p/1036-receipt.jpg 1 0 0 750 1000
p/1018-receipt.jpg 1 0 0 750 1000
p/1065-receipt.jpg 1 0 0 750 1000
p/1090-receipt.jpg 1 0 0 750 1000
p/1123-receipt.jpg 1 0 0 750 1000
p/1059-receipt.jpg 1 0 0 750 1000
p/1067-receipt.jpg 1 0 0 734 1000
p/1029-receipt.jpg 1 0 0 750 1000
p/1107-receipt.jpg 1 0 0 750 1000
p/1057-receipt.jpg 1 0 0 750 1000
p/1136-receipt.jpg 1 0 0 750 1000
p/1016-receipt.jpg 1 0 0 750 1000
p/1060-receipt.jpg 1 0 0 750 1000
p/1103-receipt.jpg 1 0 0 750 1000
p/1076-receipt.jpg 1 0 0 750 1000
p/1110-receipt.jpg 1 0 0 750 1000
p/1133-receipt.jpg 1 0 0 1000 1000
p/1056-receipt.jpg 1 0 0 750 1000
p/1033-receipt.jpg 1 0 0 750 1000
p/1072-receipt.jpg 1 0 0 562 1000
p/1109-receipt.jpg 1 0 0 750 1000
p/1131-receipt.jpg 1 0 0 562 1000
p/1086-receipt.jpg 1 0 0 662 1000
p/1012-receipt.jpg 1 0 0 582 1000
p/1022-receipt.jpg 1 0 0 750 1000
p/1025-receipt.jpg 1 0 0 742 1000
p/1138-receipt.jpg 1 0 0 562 1000
p/1048-receipt.jpg 1 0 0 750 1000
p/1014-receipt.jpg 1 0 0 750 1000
p/1054-receipt.jpg 1 0 0 611 1000
p/1064-receipt.jpg 1 0 0 713 1000
p/1079-receipt.jpg 1 0 0 750 1000
p/1019-receipt.jpg 1 0 0 348 348
p/1071-receipt.jpg 1 0 0 562 1000
p/1121-receipt.jpg 1 0 0 750 1000
p/1111-receipt.jpg 1 0 0 750 1000
p/1117-receipt.jpg 1 0 0 750 1000
p/1089-receipt.jpg 1 0 0 1000 1000
p/1006-receipt.jpg 1 0 0 258 258
p/1068-receipt.jpg 1 0 0 348 348
p/1082-receipt.jpg 1 0 0 750 1000
p/1053-receipt.jpg 1 0 0 300 400
p/1066-receipt.jpg 1 0 0 750 1000
p/1108-receipt.jpg 1 0 0 300 400
p/1102-receipt.jpg 1 0 0 750 1000
p/1112-receipt.jpg 1 0 0 1000 903
p/1083-receipt.jpg 1 0 0 750 1000
p/1119-receipt.jpg 1 0 0 750 1000
p/1044-receipt.jpg 1 0 0 250 250
p/1129-receipt.jpg 1 0 0 750 1000
p/1122-receipt.jpg 1 0 0 348 348
p/1004-receipt.jpg 1 0 0 750 1000
p/1099-receipt.jpg 1 0 0 750 1000
p/1125-receipt.jpg 1 0 0 562 1000
p/1009-receipt.jpg 1 0 0 348 348
p/1088-receipt.jpg 1 0 0 750 1000
p/1040-receipt.jpg 1 0 0 750 1000
p/1027-receipt.jpg 1 0 0 750 1000
p/1032-receipt.jpg 1 0 0 750 1000
p/1031-receipt.jpg 1 0 0 750 1000
p/1002-receipt.jpg 1 0 0 750 1000
p/1124-receipt.jpg 1 0 0 717 1000
p/1091-receipt.jpg 1 0 0 750 1000
p/1058-receipt.jpg 1 0 0 750 1000
p/1024-receipt.jpg 1 0 0 562 1000
p/1081-receipt.jpg 1 0 0 562 1000
p/1101-receipt.jpg 1 0 0 750 1000
p/1055-receipt.jpg 1 0 0 750 1000
p/1077-receipt.jpg 1 0 0 867 1000
p/1096-receipt.jpg 1 0 0 750 1000
p/1011-receipt.jpg 1 0 0 750 1000
p/1046-receipt.jpg 1 0 0 750 1000
p/1120-receipt.jpg 1 0 0 749 1000
p/1116-receipt.jpg 1 0 0 750 1000
p/1005-receipt.jpg 1 0 0 750 1000
p/1035-receipt.jpg 1 0 0 562 1000
p/1168-receipt.jpg 1 0 0 750 1000
p/1185-receipt.jpg 1 0 0 562 1000
p/1176-receipt.jpg 1 0 0 750 1000
p/1143-receipt.jpg 1 0 0 750 1000
p/1154-receipt.jpg 1 0 0 562 1000
p/1161-receipt.jpg 1 0 0 750 1000
p/1144-receipt.jpg 1 0 0 750 1000
p/1159-receipt.jpg 1 0 0 300 400
p/1195-receipt.jpg 1 0 0 750 1000
p/1169-receipt.jpg 1 0 0 338 450
p/1153-receipt.jpg 1 0 0 338 450
p/1163-receipt.jpg 1 0 0 338 450
p/1182-receipt.jpg 1 0 0 338 450
p/1178-receipt.jpg 1 0 0 338 450
p/1171-receipt.jpg 1 0 0 480 640
p/1162-receipt.jpg 1 0 0 750 1000
p/1172-receipt.jpg 1 0 0 338 450
p/1198-receipt.jpg 1 0 0 245 450
p/1155-receipt.jpg 1 0 0 338 450
p/1139-receipt.jpg 1 0 0 512 512
p/1150-receipt.jpg 1 0 0 337 450
p/1179-receipt.jpg 1 0 0 750 1000
p/1192-receipt.jpg 1 0 0 338 450
p/1170-receipt.jpg 1 0 0 750 1000
p/1194-receipt.jpg 1 0 0 253 450
p/1177-receipt.jpg 1 0 0 450 450
p/1148-receipt.jpg 1 0 0 279 450
p/1190-receipt.jpg 1 0 0 750 1000
p/1165-receipt.jpg 1 0 0 550 309
p/1180-receipt.jpg 1 0 0 338 450
p/1164-receipt.jpg 1 0 0 640 640
p/1188-receipt.jpg 1 0 0 338 450
p/1173-receipt.jpg 1 0 0 562 1000
p/1141-receipt.jpg 1 0 0 562 1000
p/1147-receipt.jpg 1 0 0 246 450
p/1149-receipt.jpg 1 0 0 393 450
p/1199-receipt.jpg 1 0 0 348 348
p/1186-receipt.jpg 1 0 0 348 348
p/1174-receipt.jpg 1 0 0 750 1000
p/1189-receipt.jpg 1 0 0 338 450
p/1191-receipt.jpg 1 0 0 338 450
p/1152-receipt.jpg 1 0 0 338 450
p/1158-receipt.jpg 1 0 0 576 576
p/1160-receipt.jpg 1 0 0 750 1000
p/1151-receipt.jpg 1 0 0 3024 4032
p/1187-receipt.jpg 1 0 0 1024 1365
p/1146-receipt.jpg 1 0 0 348 348
p/1184-receipt.jpg 1 0 0 1174 1390
p/1175-receipt.jpg 1 0 0 943 1809
p/1157-receipt.jpg 1 0 0 348 348
p/1196-receipt.jpg 1 0 0 348 348
p/1140-receipt.jpg 1 0 0 1048 1506
p/1166-receipt.jpg 1 0 0 750 1000
p/1193-receipt.jpg 1 0 0 348 348
p/1197-receipt.jpg 1 0 0 338 450
p/1167-receipt.jpg 1 0 0 338 450
p/1145-receipt.jpg 1 0 0 337 450
p/1183-receipt.jpg 1 0 0 338 450
p/1142-receipt.jpg 1 0 0 747 1000